2025-06-17 00:48:03,819 - INFO - 
=== 開始爬取 財經 類別 ===
2025-06-17 00:48:03,819 - INFO - 爬取 財經 第 1 頁...
2025-06-17 00:48:03,821 - INFO - 正在爬取: https://news.ttv.com.tw/category/money/1
2025-06-17 00:48:07,042 - INFO - 財經 第 1 頁沒有新聞，停止該分類爬取
2025-06-17 00:48:07,042 - INFO - 財經 分類完成: AI新聞 0/0
2025-06-17 00:48:07,042 - INFO - 
=== 開始爬取 政治 類別 ===
2025-06-17 00:48:07,042 - INFO - 爬取 政治 第 1 頁...
2025-06-17 00:48:07,042 - INFO - 正在爬取: https://news.ttv.com.tw/category/politics/1
2025-06-17 00:48:08,986 - INFO - 政治 第 1 頁沒有新聞，停止該分類爬取
2025-06-17 00:48:08,986 - INFO - 政治 分類完成: AI新聞 0/0
2025-06-17 00:48:08,996 - INFO - 
=== 開始爬取 國際 類別 ===
2025-06-17 00:48:08,996 - INFO - 爬取 國際 第 1 頁...
2025-06-17 00:48:09,004 - INFO - 正在爬取: https://news.ttv.com.tw/category/world/1
2025-06-17 00:48:11,040 - INFO - 國際 第 1 頁沒有新聞，停止該分類爬取
2025-06-17 00:48:11,042 - INFO - 國際 分類完成: AI新聞 0/0
2025-06-17 00:48:11,042 - INFO - 
爬取完成！總計: AI新聞 0/0
2025-06-17 00:48:11,044 - WARNING - 沒有數據可保存
2025-06-17 00:48:11,046 - WARNING - 沒有數據可保存
2025-06-17 00:54:17,858 - INFO - === 測試分類訪問性 ===
2025-06-17 00:54:19,281 - INFO - 測試分類 '財經': 200
2025-06-17 00:54:19,330 - INFO - 找到 10 個可能的內容元素
2025-06-17 00:54:19,330 - INFO - ✓ 財經 分類可訪問
2025-06-17 00:54:20,680 - INFO - 測試分類 '政治': 200
2025-06-17 00:54:20,739 - INFO - 找到 10 個可能的內容元素
2025-06-17 00:54:20,746 - INFO - ✓ 政治 分類可訪問
2025-06-17 00:54:22,207 - INFO - 測試分類 '國際': 200
2025-06-17 00:54:22,246 - INFO - 找到 10 個可能的內容元素
2025-06-17 00:54:22,252 - INFO - ✓ 國際 分類可訪問
2025-06-17 00:54:22,252 - INFO - 
=== 開始爬取 財經 類別 ===
2025-06-17 00:54:22,252 - INFO - 爬取 財經 第 1 頁...
2025-06-17 00:54:22,252 - INFO - 正在爬取: https://news.ttv.com.tw/category/%E8%B2%A1%E7%B6%93
2025-06-17 00:54:23,709 - INFO - 使用選擇器找到 20 個新聞項目: div.news-list li
2025-06-17 00:54:23,712 - INFO - 1 -- 以伊戰爭油價井噴！ 布油波段漲1成維持7字頭
2025-06-17 00:54:27,160 - INFO - 2 -- 以伊交火！台股也多空交戰 小跌23點守住2200...
2025-06-17 00:54:29,794 - INFO - ✓ 發現AI相關新聞: 以伊交火！台股也多空交戰 小跌23點守住2200...
2025-06-17 00:54:32,322 - INFO - 3 -- 哈日族注意！日幣又有甜甜價 匯率探「0.2082...
2025-06-17 00:54:35,854 - INFO - 4 -- 伊朗以色列衝突！ 台股開盤下跌14點至22058...
2025-06-17 00:54:39,469 - INFO - 5 -- 外銷訂單估連四月成長！　台股仍有「4大利空」
2025-06-17 00:54:41,318 - INFO - ✓ 發現AI相關新聞: 外銷訂單估連四月成長！　台股仍有「4大利空」
2025-06-17 00:54:44,004 - INFO - 6 -- 全球央行「瘋囤黃金」！台灣持有量排第13　贏過英...
2025-06-17 00:54:47,576 - INFO - 7 -- 廣達AI爆單德州要擴廠！ 林百里想晚十年退休
2025-06-17 00:54:49,395 - INFO - ✓ 發現AI相關新聞: 廣達AI爆單德州要擴廠！ 林百里想晚十年退休
2025-06-17 00:54:50,683 - INFO - 8 -- 以伊衝突！台積電貼息中　台股跌214點守2200...
2025-06-17 00:54:53,050 - INFO - ✓ 發現AI相關新聞: 以伊衝突！台積電貼息中　台股跌214點守2200...
2025-06-17 00:54:55,982 - INFO - 9 -- 新台幣一度升逾1.58角！ 觸及「29.502」...
2025-06-17 00:55:00,287 - INFO - 10 -- 台積電連9次秒填息失利！專家點主因「免驚」 張忠...
2025-06-17 00:55:02,140 - INFO - ✓ 發現AI相關新聞: 台積電連9次秒填息失利！專家點主因「免驚」 張忠...
2025-06-17 00:55:03,499 - INFO - 11 -- 5月證交稅連三黑！創28個月最大減幅 財政部點出...
2025-06-17 00:55:07,513 - INFO - 12 -- 美中達成貿易協議希望升溫 美股四大指數收紅
2025-06-17 00:55:09,780 - INFO - ✓ 發現AI相關新聞: 美中達成貿易協議希望升溫 美股四大指數收紅
2025-06-17 00:55:12,557 - INFO - 13 -- 史上次高！台積電5月營收3205億元 年增約4成
2025-06-17 00:55:14,478 - INFO - ✓ 發現AI相關新聞: 史上次高！台積電5月營收3205億元 年增約4成
2025-06-17 00:55:16,316 - INFO - 14 -- 台積電大漲40元！台股收盤勁揚451點 衝破2萬...
2025-06-17 00:55:18,159 - INFO - ✓ 發現AI相關新聞: 台積電大漲40元！台股收盤勁揚451點 衝破2萬...
2025-06-17 00:55:20,626 - INFO - 15 -- 投資人靜待美中談判結果！美股4大指數漲跌互現
2025-06-17 00:55:22,488 - INFO - ✓ 發現AI相關新聞: 投資人靜待美中談判結果！美股4大指數漲跌互現
2025-06-17 00:55:24,352 - INFO - 16 -- 「陶朱隱園」傳聯貸欠息 中石化澄清協助溝通未背書
2025-06-17 00:55:27,002 - INFO - 17 -- 台積電站回千元！回歸千金榜市值26兆 6/12除...
2025-06-17 00:55:28,571 - INFO - ✓ 發現AI相關新聞: 台積電站回千元！回歸千金榜市值26兆 6/12除...
2025-06-17 00:55:31,117 - INFO - 18 -- 台股早盤漲逾百點 台積電重返千金俱樂部
2025-06-17 00:55:32,872 - INFO - ✓ 發現AI相關新聞: 台股早盤漲逾百點 台積電重返千金俱樂部
2025-06-17 00:55:33,999 - INFO - 19 -- 亞馬遜AWS基礎設施區域在台灣正式啟用 預計投資...
2025-06-17 00:55:35,866 - INFO - ✓ 發現AI相關新聞: 亞馬遜AWS基礎設施區域在台灣正式啟用 預計投資...
2025-06-17 00:55:37,724 - INFO - 20 -- 台灣續列匯率觀察名單 美報告罕見澄清升值傳聞
2025-06-17 00:55:40,899 - INFO - 財經 第 1 頁完成，本頁AI新聞: 12/20
2025-06-17 00:55:43,952 - INFO - 爬取 財經 第 2 頁...
2025-06-17 00:55:43,952 - INFO - 正在爬取: https://news.ttv.com.tw/category/%E8%B2%A1%E7%B6%93?page=2
2025-06-17 00:55:45,091 - INFO - 使用選擇器找到 20 個新聞項目: div.news-list li
2025-06-17 00:55:45,091 - INFO - 21 -- 房市冷仍有建案逆風　新北中和單價開120萬！
2025-06-17 00:55:48,384 - INFO - 22 -- 黃仁勳挺支持核能挨轟！ 童子賢挺核綠共存：全面廢...
2025-06-17 00:55:50,106 - INFO - ✓ 發現AI相關新聞: 黃仁勳挺支持核能挨轟！ 童子賢挺核綠共存：全面廢...
2025-06-17 00:55:52,691 - INFO - 23 -- 美股四大指數收黑 特斯拉股價重挫14%
2025-06-17 00:55:54,359 - INFO - ✓ 發現AI相關新聞: 美股四大指數收黑 特斯拉股價重挫14%
2025-06-17 00:55:56,453 - INFO - 24 -- 台灣富豪榜洗牌！富邦蔡家兄弟擠下林百里重返榜首 ...
2025-06-17 00:55:58,244 - INFO - ✓ 發現AI相關新聞: 台灣富豪榜洗牌！富邦蔡家兄弟擠下林百里重返榜首 ...
2025-06-17 00:55:59,709 - INFO - 25 -- 勞動力市場放緩 美股漲跌互見
2025-06-17 00:56:01,438 - INFO - ✓ 發現AI相關新聞: 勞動力市場放緩 美股漲跌互見
2025-06-17 00:56:03,701 - INFO - 26 -- 台股再爆鉅額違約交割！專家猜1原因 關稅豁免倒數...
2025-06-17 00:56:05,446 - INFO - ✓ 發現AI相關新聞: 台股再爆鉅額違約交割！專家猜1原因 關稅豁免倒數...
2025-06-17 00:56:06,559 - INFO - 27 -- 遭Google撤銷憑證信任 中華電信道歉強調「無...
2025-06-17 00:56:10,330 - INFO - 28 -- 魏哲家股東會飆金句！美偷不走台積電技術 談海外設...
2025-06-17 00:56:12,126 - INFO - ✓ 發現AI相關新聞: 魏哲家股東會飆金句！美偷不走台積電技術 談海外設...
2025-06-17 00:56:14,268 - INFO - 29 -- 魏哲家認匯率影響大！親曝「毛利率降低」驚人數據：...
2025-06-17 00:56:15,901 - INFO - ✓ 發現AI相關新聞: 魏哲家認匯率影響大！親曝「毛利率降低」驚人數據：...
2025-06-17 00:56:18,348 - INFO - 30 -- 5月房仲交易回神！最多月增10%　專家：房價最快...
2025-06-17 00:56:20,098 - INFO - ✓ 發現AI相關新聞: 5月房仲交易回神！最多月增10%　專家：房價最快...
2025-06-17 00:56:21,917 - INFO - 31 -- 電子權值無力撐盤 台股收跌344點險守2萬1
2025-06-17 00:56:24,151 - INFO - ✓ 發現AI相關新聞: 電子權值無力撐盤 台股收跌344點險守2萬1
2025-06-17 00:56:26,071 - INFO - 32 -- 炒匯外資抓到了！ 央行罕發「6聲明」力挺美債
2025-06-17 00:56:30,023 - INFO - 33 -- 赴阿聯設「超大晶圓廠」有譜？ 台積電：專注現有海...
2025-06-17 00:56:32,574 - INFO - ✓ 發現AI相關新聞: 赴阿聯設「超大晶圓廠」有譜？ 台積電：專注現有海...
2025-06-17 00:56:33,948 - INFO - 34 -- 永豐金證券宣布！以16.28億合併台灣匯立證券
2025-06-17 00:56:38,686 - INFO - 35 -- 日圓又好甜！ 台銀換匯價見0.2087半個月最佳
2025-06-17 00:56:42,268 - INFO - 36 -- 鴻海「輪值CEO」將轉正！劉揚偉曝「三本柱」拉成...
2025-06-17 00:56:44,079 - INFO - ✓ 發現AI相關新聞: 鴻海「輪值CEO」將轉正！劉揚偉曝「三本柱」拉成...
2025-06-17 00:56:45,902 - INFO - 37 -- 輝達Q1財報「營收獲利優於市場預期」 盤後股價漲...
2025-06-17 00:56:47,786 - INFO - ✓ 發現AI相關新聞: 輝達Q1財報「營收獲利優於市場預期」 盤後股價漲...
2025-06-17 00:56:49,260 - INFO - 38 -- 美股四大指數收墨 輝達財報超預期盤後股價漲4%
2025-06-17 00:56:50,927 - INFO - ✓ 發現AI相關新聞: 美股四大指數收墨 輝達財報超預期盤後股價漲4%
2025-06-17 00:56:53,705 - INFO - 39 -- 誠品4年來首度轉盈！吳旻潔憂零售成「紅海」 虛實...
2025-06-17 00:56:57,472 - INFO - 40 -- 辜仲諒捲澄清湖購地案遭重判首發聲！將於6/13股...
2025-06-17 00:57:01,741 - INFO - 財經 第 2 頁完成，本頁AI新聞: 13/20
2025-06-17 00:57:06,021 - INFO - 爬取 財經 第 3 頁...
2025-06-17 00:57:06,021 - INFO - 正在爬取: https://news.ttv.com.tw/category/%E8%B2%A1%E7%B6%93?page=3
2025-06-17 00:57:07,209 - INFO - 使用選擇器找到 20 個新聞項目: div.news-list li
2025-06-17 00:57:07,209 - INFO - 41 -- 台幣強升恐壓縮利潤 逼出企業裁員潮
2025-06-17 00:57:09,016 - INFO - ✓ 發現AI相關新聞: 台幣強升恐壓縮利潤 逼出企業裁員潮
2025-06-17 00:57:10,654 - INFO - 42 -- 黃仁勳赴瑞典續拓AI版圖 盛讚川普「有遠見」
2025-06-17 00:57:12,421 - INFO - ✓ 發現AI相關新聞: 黃仁勳赴瑞典續拓AI版圖 盛讚川普「有遠見」
2025-06-17 00:57:14,653 - INFO - 43 -- 台股「關稅警戒」高檔震盪收跌115點 新台幣又現...
2025-06-17 00:57:16,321 - INFO - ✓ 發現AI相關新聞: 台股「關稅警戒」高檔震盪收跌115點 新台幣又現...
2025-06-17 00:57:18,564 - INFO - 44 -- 限空令解除！台股一度下跌近百點 台積電跌9元
2025-06-17 00:57:20,366 - INFO - ✓ 發現AI相關新聞: 限空令解除！台股一度下跌近百點 台積電跌9元
2025-06-17 00:57:21,503 - INFO - 45 -- 全球央行總裁年薪大評比！楊金龍「台幣300萬」僅...
2025-06-17 00:57:25,601 - INFO - 46 -- 國內外股市回穩！ 金管會宣布：下週一解除「限空令...
2025-06-17 00:57:30,330 - INFO - 47 -- 旋風來台8天行程滿檔！黃仁勳今早離台　下一步動向...
2025-06-17 00:57:31,991 - INFO - ✓ 發現AI相關新聞: 旋風來台8天行程滿檔！黃仁勳今早離台　下一步動向...
2025-06-17 00:57:33,751 - INFO - 48 -- 黃仁勳今離台　離台前夕雨夜再訪私廚嘆遺憾未見「F...
2025-06-17 00:57:35,497 - INFO - ✓ 發現AI相關新聞: 黃仁勳今離台　離台前夕雨夜再訪私廚嘆遺憾未見「F...
2025-06-17 00:57:37,963 - INFO - 49 -- 行程滿檔太累？黃仁勳公司大廳閉目養神 沒找「fr...
2025-06-17 00:57:39,671 - INFO - ✓ 發現AI相關新聞: 行程滿檔太累？黃仁勳公司大廳閉目養神 沒找「fr...
2025-06-17 00:57:42,621 - INFO - 50 -- 川普稅改掀美債拋售 30年期殖利率飆破5%
2025-06-17 00:57:47,135 - INFO - 51 -- COMPUTEX最後日開放參觀！護國神「乖」聯名...
2025-06-17 00:57:50,504 - INFO - ✓ 發現AI相關新聞: COMPUTEX最後日開放參觀！護國神「乖」聯名...
2025-06-17 00:57:52,314 - INFO - 52 -- AI基建崛起 黃仁勳預言：GPU將取代石油
2025-06-17 00:57:54,081 - INFO - ✓ 發現AI相關新聞: AI基建崛起 黃仁勳預言：GPU將取代石油
2025-06-17 00:57:55,848 - INFO - 53 -- 海外總部設台灣不怕地緣政治風險？黃仁勳妙回：只是...
2025-06-17 00:57:57,399 - INFO - ✓ 發現AI相關新聞: 海外總部設台灣不怕地緣政治風險？黃仁勳妙回：只是...
2025-06-17 00:57:58,621 - INFO - 54 -- 強調台灣應有屬於自己AI產業　黃仁勳：對台表現充...
2025-06-17 00:58:00,255 - INFO - ✓ 發現AI相關新聞: 強調台灣應有屬於自己AI產業　黃仁勳：對台表現充...
2025-06-17 00:58:02,859 - INFO - 55 -- 賴清德站台COMPUTEX提3願景 台灣組「AI...
2025-06-17 00:58:04,627 - INFO - ✓ 發現AI相關新聞: 賴清德站台COMPUTEX提3願景 台灣組「AI...
2025-06-17 00:58:05,711 - INFO - 56 -- 黃仁勳樂翻！ 蔡力行送上最愛夜市水果驚喜
2025-06-17 00:58:08,784 - INFO - ✓ 發現AI相關新聞: 黃仁勳樂翻！ 蔡力行送上最愛夜市水果驚喜
2025-06-17 00:58:10,503 - INFO - 57 -- 黃仁勳驚喜站台劉揚偉曝情史 自虧「4000萬名錶...
2025-06-17 00:58:12,201 - INFO - ✓ 發現AI相關新聞: 黃仁勳驚喜站台劉揚偉曝情史 自虧「4000萬名錶...
2025-06-17 00:58:15,011 - INFO - 58 -- 輝達台灣總部插旗北士科　進駐再帶動房價？房仲「這...
2025-06-17 00:58:16,670 - INFO - ✓ 發現AI相關新聞: 輝達台灣總部插旗北士科　進駐再帶動房價？房仲「這...
2025-06-17 00:58:19,370 - INFO - 59 -- 輝達總部在北士科！ 「鄰居」仁寶陳瑞聰：期待
2025-06-17 00:58:21,395 - INFO - ✓ 發現AI相關新聞: 輝達總部在北士科！ 「鄰居」仁寶陳瑞聰：期待
2025-06-17 00:58:24,099 - INFO - 60 -- 輝達選址北士科！ 仁寶、華碩、英業達都在附近
2025-06-17 00:58:25,908 - INFO - ✓ 發現AI相關新聞: 輝達選址北士科！ 仁寶、華碩、英業達都在附近
2025-06-17 00:58:28,120 - INFO - 財經 第 3 頁完成，本頁AI新聞: 17/20
2025-06-17 00:58:32,884 - INFO - 財經 分類完成: AI新聞 42/60
2025-06-17 00:58:32,884 - INFO - 
=== 開始爬取 政治 類別 ===
2025-06-17 00:58:32,884 - INFO - 爬取 政治 第 1 頁...
2025-06-17 00:58:32,884 - INFO - 正在爬取: https://news.ttv.com.tw/category/%E6%94%BF%E6%B2%BB
2025-06-17 00:58:34,111 - INFO - 使用選擇器找到 20 個新聞項目: div.news-list li
2025-06-17 00:58:34,111 - INFO - 1 -- 9成罷免提議書是偽造 吳思瑤痛批國民黨：作亂了大...
2025-06-17 00:58:38,757 - INFO - 2 -- 館長中國行轉移大罷免目的達成！嗆「誰去對岸回不來...
2025-06-17 00:58:42,791 - INFO - 3 -- 賴總統18日召開國安簡報全程與會 聚焦四大挑戰盼...
2025-06-17 00:58:46,046 - INFO - 4 -- 綠營「密接支援」花蓮起跑 號召發起「草船借箭」
2025-06-17 00:58:47,798 - INFO - ✓ 發現AI相關新聞: 綠營「密接支援」花蓮起跑 號召發起「草船借箭」
2025-06-17 00:58:49,893 - INFO - 5 -- 北市藍委狀況多？李四川、徐巧芯反罷挨批　蔣萬安反...
2025-06-17 00:58:55,332 - INFO - 6 -- 罷綠委「死亡連署」　北檢偵結起訴黃呂錦茹等5人
2025-06-17 00:58:59,705 - INFO - 7 -- 馬英九出席海峽論壇 與中國政協主席王滬寧會面
2025-06-17 00:59:04,144 - INFO - 8 -- 前總統陳水扁住院「切胃瘜肉」　憔悴躺病床照曝光！
2025-06-17 00:59:08,282 - INFO - 9 -- 田秋堇再爆濫用公務車！民眾黨廢監院修憲送案 國民...
2025-06-17 00:59:12,414 - INFO - 10 -- 「中共2027年攻台」國際掀議論！美前太平洋司令...
2025-06-17 00:59:16,180 - INFO - 11 -- 館長上海行結束返台 6天YT訂閱增12萬、賺13...
2025-06-17 00:59:19,277 - INFO - 12 -- 打工變打仗？外交部月初宣傳赴以色列打工度假計畫挨...
2025-06-17 00:59:22,113 - INFO - 13 -- 民眾黨提廢監院「藍委撤簽連署」　黃國昌：不排斥與...
2025-06-17 00:59:26,285 - INFO - 14 -- 住院逾半年...總統今赴高醫「私人行程」探視陳菊...
2025-06-17 00:59:29,561 - INFO - 15 -- 國造潛艦邁大步 海鯤號首靠「自主動力」浮航
2025-06-17 00:59:32,625 - INFO - 16 -- 新竹「雙罷」總部成立催同意票 柯建銘喊：是反共護...
2025-06-17 00:59:35,951 - INFO - 17 -- 以伊交火！外交部宣布暫緩台以度假打工計畫 強調「...
2025-06-17 00:59:39,705 - INFO - 18 -- 藍推「愛國者」計畫抗罷！蔣萬安合體賴士葆景美市場...
2025-06-17 00:59:43,931 - INFO - 19 -- 兩岸旅展停辦！傳中國逾300人來台遭拒　觀光署：...
2025-06-17 00:59:48,184 - INFO - 20 -- 率團赴中出席「海峽論壇」　馬英九：促進民間交流
2025-06-17 00:59:52,414 - INFO - 政治 第 1 頁完成，本頁AI新聞: 1/20
2025-06-17 00:59:57,643 - INFO - 爬取 政治 第 2 頁...
2025-06-17 00:59:57,643 - INFO - 正在爬取: https://news.ttv.com.tw/category/%E6%94%BF%E6%B2%BB?page=2
2025-06-17 00:59:58,922 - INFO - 使用選擇器找到 20 個新聞項目: div.news-list li
2025-06-17 00:59:58,922 - INFO - 21 -- 行政院新版行事曆出爐！下半年增2連假 明年春節放...
2025-06-17 01:00:01,815 - INFO - 22 -- 高雄雙罷劫不玩了！ 罷免黃捷、許智傑連署書差數千...
2025-06-17 01:00:06,654 - INFO - 23 -- 不滿「三親等禁令」痛罵賴清德？簡舒培今現身回應了
2025-06-17 01:00:11,274 - INFO - 24 -- 憂返中被當「叛國」！男入中國籍仍要回台當兵　北市...
2025-06-17 01:00:14,190 - INFO - 25 -- 罵賴清德「超級蠢」？ 簡舒培3點聲明：民進黨是大...
2025-06-17 01:00:17,183 - INFO - 26 -- 世壯運遭爆用中國製品、APP出包 北市政風處調查
2025-06-17 01:00:20,072 - INFO - 27 -- 館長遊上海一路猛誇讚　梁文傑：建議在當地久住
2025-06-17 01:00:23,890 - INFO - 28 -- 中共懸賞通緝20台人 國防部：中國對台灣不具有司...
2025-06-17 01:00:28,017 - INFO - 29 -- 總統邀藍白6/18共商國是 國民黨證實接潘孟安電...
2025-06-17 01:00:31,528 - INFO - 30 -- 助理涉共諜案　藍緊咬吳釗燮「至今未接受調查」
2025-06-17 01:00:35,175 - INFO - 31 -- 賴清德邀黃國昌6/18共商國是 民眾黨：討論後再...
2025-06-17 01:00:39,624 - INFO - 32 -- 中央統刪地方一般性補助款 連江縣長放話：多給15...
2025-06-17 01:00:45,139 - INFO - 33 -- 若6/20成案的大罷免何時投票？ 李進勇：在7/...
2025-06-17 01:00:49,905 - INFO - 34 -- 對資通電軍再出手　國台辦：20人納重點監管範圍
2025-06-17 01:00:54,066 - INFO - 35 -- 馬英九將率團赴中 陸委會感嘆「不可思議」：切勿淪...
2025-06-17 01:00:57,138 - INFO - 36 -- 聲援沈伯洋  民進黨主席賴清德批貼「賺紅錢」標籤...
2025-06-17 01:01:00,028 - INFO - 37 -- 遊上海突被問「你是哪國人」？館長愣住不敢答 真實...
2025-06-17 01:01:02,713 - INFO - 38 -- 大罷免陷困境！朱立倫宣布「愛國者行動」 指示藍首...
2025-06-17 01:01:05,848 - INFO - 39 -- 公布觀光署、雙鐵人事異動 陳世凱大讚：史哲是城市...
2025-06-17 01:01:09,366 - INFO - 40 -- 上海全程「翻牆直播」！館長：台灣捷運都拿刀砍、奶...
2025-06-17 01:01:13,532 - INFO - 政治 第 2 頁完成，本頁AI新聞: 0/20
2025-06-17 01:01:16,633 - INFO - 爬取 政治 第 3 頁...
2025-06-17 01:01:16,633 - INFO - 正在爬取: https://news.ttv.com.tw/category/%E6%94%BF%E6%B2%BB?page=3
2025-06-17 01:01:17,835 - INFO - 使用選擇器找到 20 個新聞項目: div.news-list li
2025-06-17 01:01:17,836 - INFO - 41 -- 「馬習三會」誘馬英九出席海峽論壇？ 蕭旭岑駁：無...
2025-06-17 01:01:22,027 - INFO - 42 -- 藍前幕僚林岳龍涉共諜案 王鴻薇：僅負責地方行程
2025-06-17 01:01:26,239 - INFO - 43 -- 觀光署傳人事異動 前松菸總監陳玉秀有望接任
2025-06-17 01:01:30,657 - INFO - 44 -- 「電話門」當面對質！羅智強嗆對賭辭立委 柯建銘：...
2025-06-17 01:01:34,974 - INFO - 45 -- 才要接高鐵董座...史哲也遭爆「公器私用」　搭公...
2025-06-17 01:01:39,683 - INFO - 46 -- 文化人史哲接高鐵董座！國民黨立委轟「酬庸」 鄭光...
2025-06-17 01:01:43,644 - INFO - 47 -- 防長震怒！少將成家麒涉性騷多名女下屬 遭拔官調職
2025-06-17 01:01:47,312 - INFO - 48 -- 自費赴上海6天行程曝光　館長陳之漢：全程直播、無...
2025-06-17 01:01:52,054 - INFO - 49 -- 立院三讀修正《貨物稅條例》　節能家電減稅補助延長...
2025-06-17 01:01:55,485 - INFO - 50 -- 志願役加給藍白意見分歧...民眾黨反齊頭式加薪：...
2025-06-17 01:01:58,523 - INFO - 51 -- 軍人加薪修法通過  卓榮泰:違反憲法、預算法將提...
2025-06-17 01:02:01,605 - INFO - 52 -- 軍人加薪修法三讀通過！志願役加給齊頭發3萬　明年...
2025-06-17 01:02:05,585 - INFO - 53 -- 雙鐵人事異動！史哲接高鐵 鄭光遠降薪掌台鐵
2025-06-17 01:02:08,675 - INFO - 54 -- 人生第一次被「公主抱」！　蔣萬安羞回：原來這就是...
2025-06-17 01:02:11,747 - INFO - 55 -- 政院人士證實 史哲將出任高鐵董事長
2025-06-17 01:02:16,793 - INFO - 56 -- 綠議員問2026新北市長「三選一」選誰？侯友宜妙...
2025-06-17 01:02:22,220 - INFO - 57 -- 吳靜怡踢館徐巧芯反被壓制 國民黨嗅罷免轉機：公開...
2025-06-17 01:02:25,561 - INFO - 58 -- 台南罷免林俊憲、王定宇案連署未達標 謝龍介宣布不...
2025-06-17 01:02:29,377 - INFO - 59 -- 沈伯洋父親爆「賺紅錢」　藍委：中國恐藉此滲透
2025-06-17 01:02:33,904 - INFO - 60 -- 葉丙成請假調查以「教授身分」返校授課　台大：符合...
2025-06-17 01:02:36,088 - INFO - ✓ 發現AI相關新聞: 葉丙成請假調查以「教授身分」返校授課　台大：符合...
2025-06-17 01:02:38,144 - INFO - 政治 第 3 頁完成，本頁AI新聞: 1/20
2025-06-17 01:02:43,020 - INFO - 政治 分類完成: AI新聞 2/60
2025-06-17 01:02:43,020 - INFO - 
=== 開始爬取 國際 類別 ===
2025-06-17 01:02:43,020 - INFO - 爬取 國際 第 1 頁...
2025-06-17 01:02:43,020 - INFO - 正在爬取: https://news.ttv.com.tw/category/%E5%9C%8B%E9%9A%9B
2025-06-17 01:02:44,340 - INFO - 使用選擇器找到 20 個新聞項目: div.news-list li
2025-06-17 01:02:44,353 - INFO - 1 -- 以色列旅遊遇空襲！　台籍旅客目睹「飛彈劃過天際」
2025-06-17 01:02:47,623 - INFO - 2 -- 印航波音787又出問題？ 疑技術故障急返香港
2025-06-17 01:02:49,362 - INFO - ✓ 發現AI相關新聞: 印航波音787又出問題？ 疑技術故障急返香港
2025-06-17 01:02:51,978 - INFO - 3 -- 基礎設施舊.工程品質不佳 印度又傳斷橋意外「6死...
2025-06-17 01:02:56,328 - INFO - 4 -- 9名台人尚滯伊朗 外交部：正密切聯繫協助撤離
2025-06-17 01:02:59,716 - INFO - 5 -- 以伊持續互轟  以總理：伊朗2度暗殺川普未遂
2025-06-17 01:03:03,573 - INFO - 6 -- 日本北海道恐有規模9地震 專家示警還有這裡要注...
2025-06-17 01:03:06,582 - INFO - 7 -- 扮警槍殺美議員凶嫌落網 州眾議院議長：噩夢終於結...
2025-06-17 01:03:11,143 - INFO - 8 -- 以伊衝突愈演愈烈 美官員：川普否決以方刺殺伊朗領...
2025-06-17 01:03:14,245 - INFO - 9 -- 印度橋梁坍塌釀6死 25人被河水沖走
2025-06-17 01:03:18,520 - INFO - 10 -- 最鐵襪迷！ 良十四世「白襪主場」視訊主持盛大彌撒
2025-06-17 01:03:21,504 - INFO - 11 -- 秘魯6.1地震釀1死5傷 多處山崩
2025-06-17 01:03:25,466 - INFO - 12 -- 以伊衝突擴大！川普稱「戰鬥到底」有望達成協議
2025-06-17 01:03:30,232 - INFO - 13 -- 假警察闖州議員家中開槍「釀2死2傷」　川普：絕不...
2025-06-17 01:03:33,262 - INFO - 14 -- 再傳空難！印度直升機墜毀山坡機身燒焦黑 無人生還
2025-06-17 01:03:36,872 - INFO - 15 -- 戰火再起！伊朗飛彈空襲以色列釀8死 川普撂狠話釋...
2025-06-17 01:03:40,552 - INFO - 16 -- 杜拜67層摩天大樓陷火海　近4千人逃生
2025-06-17 01:03:43,967 - INFO - 17 -- 腦袋空白！長時間滑手機大腦沒動 小心恐患「手機失...
2025-06-17 01:03:48,310 - INFO - 18 -- 普亭親自祝川普生日快樂！美俄4度通話　聚焦以伊戰...
2025-06-17 01:03:51,448 - INFO - 19 -- 多圖／逢川普614生日！華府迎34年最大規模閱兵...
2025-06-17 01:03:56,015 - INFO - 20 -- 美2議員＋配偶們遭「政治暗殺」槍擊2死2傷　嫌犯...
2025-06-17 01:04:00,777 - INFO - 國際 第 1 頁完成，本頁AI新聞: 1/20
2025-06-17 01:04:03,974 - INFO - 爬取 國際 第 2 頁...
2025-06-17 01:04:03,974 - INFO - 正在爬取: https://news.ttv.com.tw/category/%E5%9C%8B%E9%9A%9B?page=2
2025-06-17 01:04:05,262 - INFO - 使用選擇器找到 20 個新聞項目: div.news-list li
2025-06-17 01:04:05,262 - INFO - 21 -- 伊朗發射數百枚飛彈 狂轟以色列「至少3死172傷...
2025-06-17 01:04:08,203 - INFO - 22 -- 華府閱兵14號登場！逢川普79歲生日 估數百萬人...
2025-06-17 01:04:11,449 - INFO - 23 -- 終於如願！貝克漢正式獲封爵士　嗨喊：身為英國人很...
2025-06-17 01:04:15,189 - INFO - 24 -- 近年最大單日漲幅 中東緊張國際油價一度升9%
2025-06-17 01:04:20,652 - INFO - 25 -- 嗆打開「地獄之門」 伊朗對以射百枚飛彈報復
2025-06-17 01:04:25,133 - INFO - 26 -- 美鋼出售案「開綠燈」！川普：日鐵滿足條件就放行
2025-06-17 01:04:29,407 - INFO - 27 -- 伊朗轟以色列150枚飛彈！以駐美大使：1婦女死亡...
2025-06-17 01:04:33,615 - INFO - 28 -- 伊朗首都德黑蘭傳出爆炸聲 機場發生火警
2025-06-17 01:04:37,625 - INFO - 29 -- 伊朗發動報復空襲！ 以色列「全境警報響起」指示民...
2025-06-17 01:04:40,638 - INFO - 30 -- 以色列宣布關閉全球大使館 敦促海外公民隨時警惕
2025-06-17 01:04:45,769 - INFO - 31 -- 川普哈佛法律大戰 外國學生趨吉避凶
2025-06-17 01:04:48,874 - INFO - 32 -- 洛城派兵案新進展！川普重新拿回國民兵指揮權
2025-06-17 01:04:53,956 - INFO - 33 -- 美中貿易談判獲共識 稀土換美方鬆綁
2025-06-17 01:04:55,855 - INFO - ✓ 發現AI相關新聞: 美中貿易談判獲共識 稀土換美方鬆綁
2025-06-17 01:04:57,137 - INFO - 34 -- 川馬翻臉無情互批 馬斯克示弱盼修補
2025-06-17 01:05:00,582 - INFO - 35 -- 洛城反掃蕩移民示威 聯邦擅調國民兵
2025-06-17 01:05:03,418 - INFO - 36 -- 中國籲各方應避免升高衝突 反對以色列侵犯伊朗主權
2025-06-17 01:05:06,308 - INFO - 37 -- 歐美研發「太陽軌道號」 拍下神祕太陽南極影像
2025-06-17 01:05:09,655 - INFO - 38 -- 又是印度航空！156人客機突收「炸彈恐嚇」　緊急...
2025-06-17 01:05:11,353 - INFO - ✓ 發現AI相關新聞: 又是印度航空！156人客機突收「炸彈恐嚇」　緊急...
2025-06-17 01:05:13,189 - INFO - 39 -- 以軍稱伊朗發動報復 逾百架無人機朝以領空襲來
2025-06-17 01:05:16,771 - INFO - 40 -- 加州州長告贏了！美法院要求川普歸還國民兵指揮權
2025-06-17 01:05:20,544 - INFO - 國際 第 2 頁完成，本頁AI新聞: 2/20
2025-06-17 01:05:23,903 - INFO - 爬取 國際 第 3 頁...
2025-06-17 01:05:23,903 - INFO - 正在爬取: https://news.ttv.com.tw/category/%E5%9C%8B%E9%9A%9B?page=3
2025-06-17 01:05:26,444 - INFO - 使用選擇器找到 20 個新聞項目: div.news-list li
2025-06-17 01:05:26,458 - INFO - 41 -- 遺體難辨認！印航空難死亡人數下修　至少241人罹...
2025-06-17 01:05:29,933 - INFO - 42 -- 以色列空襲伊朗！　全國進入緊急狀態、關閉領空
2025-06-17 01:05:32,886 - INFO - 43 -- 印航客機「爬升失敗」墜毀　航空專家分析墜機原因
2025-06-17 01:05:37,013 - INFO - 44 -- 印航空難1英國籍男奇蹟生還　警方：他座位緊靠逃生...
2025-06-17 01:05:40,899 - INFO - 45 -- 通膨趨緩 甲骨文大漲帶動美股收高
2025-06-17 01:05:42,756 - INFO - ✓ 發現AI相關新聞: 通膨趨緩 甲骨文大漲帶動美股收高
2025-06-17 01:05:44,447 - INFO - 46 -- 起飛1分鐘後墜機...再撞醫學院宿舍爆炸　印航空...
2025-06-17 01:05:48,688 - INFO - 47 -- 印度航空客機墜毀！ 撞進醫生宿舍「242人恐全罹...
2025-06-17 01:05:51,157 - INFO - ✓ 發現AI相關新聞: 印度航空客機墜毀！ 撞進醫生宿舍「242人恐全罹...
2025-06-17 01:05:53,878 - INFO - 48 -- 起飛不久就發MAYDAY！787夢幻客機首失事 ...
2025-06-17 01:05:55,590 - INFO - ✓ 發現AI相關新聞: 起飛不久就發MAYDAY！787夢幻客機首失事 ...
2025-06-17 01:05:57,734 - INFO - 49 -- 印度失事客機上載有242人！ 航空公司公布乘客國...
2025-06-17 01:05:59,368 - INFO - ✓ 發現AI相關新聞: 印度失事客機上載有242人！ 航空公司公布乘客國...
2025-06-17 01:06:01,238 - INFO - 50 -- 取代綠卡！川普「金卡簽證」網站正式上線　1.5億...
2025-06-17 01:06:05,960 - INFO - 51 -- AI圖像涉侵權！ 迪士尼、環球聯手提告Midjo...
2025-06-17 01:06:07,654 - INFO - ✓ 發現AI相關新聞: AI圖像涉侵權！ 迪士尼、環球聯手提告Midjo...
2025-06-17 01:06:09,036 - INFO - 52 -- 歷史一刻！黃仁勳、法國合作打造歐洲AI生態系 再...
2025-06-17 01:06:10,821 - INFO - ✓ 發現AI相關新聞: 歷史一刻！黃仁勳、法國合作打造歐洲AI生態系 再...
2025-06-17 01:06:13,786 - INFO - 53 -- 派兵惹議！　川普：若沒行動洛杉磯「早燒光」
2025-06-17 01:06:18,888 - INFO - 54 -- 北愛爾蘭「反移民動亂」第3天　警民衝突逾30警傷
2025-06-17 01:06:23,053 - INFO - 55 -- 自認批評太超過！馬斯克發文懺悔　川普：這樣做非常...
2025-06-17 01:06:26,612 - INFO - 56 -- 美中貿易框架待川習批准　四大指數收黑
2025-06-17 01:06:28,331 - INFO - ✓ 發現AI相關新聞: 美中貿易框架待川習批准　四大指數收黑
2025-06-17 01:06:31,135 - INFO - 57 -- 對中仍課55%高關稅　美商務部長：不會把最好晶片...
2025-06-17 01:06:33,137 - INFO - ✓ 發現AI相關新聞: 對中仍課55%高關稅　美商務部長：不會把最好晶片...
2025-06-17 01:06:34,738 - INFO - 58 -- 法國爆校園攻擊！　14歲中學生刺死31歲女助教
2025-06-17 01:06:38,696 - INFO - 59 -- 稱美中協議已完成「稀土換陸生」 川普：雙方關係非...
2025-06-17 01:06:42,627 - INFO - 60 -- AI巨擘在歐洲！ 黃仁勳同台施凱爾掀「仁來瘋」
2025-06-17 01:06:44,226 - INFO - ✓ 發現AI相關新聞: AI巨擘在歐洲！ 黃仁勳同台施凱爾掀「仁來瘋」
2025-06-17 01:06:46,598 - INFO - 國際 第 3 頁完成，本頁AI新聞: 9/20
2025-06-17 01:06:52,385 - INFO - 國際 分類完成: AI新聞 12/60
2025-06-17 01:06:52,385 - INFO - 
爬取完成！總計: AI新聞 56/180
2025-06-17 01:06:52,506 - INFO - 數據已保存: dataset/ttv_news_all_20250617_010652.csv
2025-06-17 01:06:52,506 - INFO - 共 180 條記錄
2025-06-17 01:06:52,522 - INFO - 數據已保存: dataset/ttv_news_ai_only_20250617_010652.csv
2025-06-17 01:06:52,523 - INFO - 共 56 條記錄
